<?xml version="1.0" encoding="UTF-8"?>
<!-- Generated by org.testng.reporters.JUnitXMLReporter -->
<testsuite ignored="2" hostname="DESKTOP-HOFM65N" failures="0" tests="6" name="Test" time="37.4" errors="0" timestamp="2021-02-07T19:31:34 EET">
  <testcase classname="zeroBankTests.LoginValid" name="loginValid" time="5.737"/>
  <testcase classname="zeroBankTests.LoginInvalid" name="loginInvalid" time="2.714"/>
  <testcase classname="zeroBankTests.LoginInvalid" name="loginInvalid" time="1.559"/>
  <testcase classname="zeroBankTests.LoginInvalid" name="loginInvalid" time="1.546"/>
  <testcase classname="zeroBankTests.LoginInvalid" name="loginInvalid" time="1.541"/>
  <testcase classname="zeroBankTests.LoginInvalid" name="loginInvalid" time="1.538"/>
  <testcase classname="ZeroBank.base" name="@BeforeSuite beforeSuite" time="0.0">
    <ignored/>
  </testcase> <!-- @BeforeSuite beforeSuite -->
  <testcase classname="ZeroBank.base" name="@AfterSuite afterSuite" time="0.0">
    <ignored/>
  </testcase> <!-- @AfterSuite afterSuite -->
</testsuite> <!-- Test -->
