<?xml version="1.0" encoding="UTF-8"?>
<!-- Generated by org.testng.reporters.JUnitXMLReporter -->
<testsuite ignored="0" hostname="DESKTOP-HOFM65N" failures="0" tests="5" name="`Tests - Login functionality - negative (Invalid data)" time="16.52" errors="0" timestamp="2021-02-07T20:20:37 EET">
  <testcase classname="zeroBankTests.LoginInvalid" name="loginInvalid" time="0.895"/>
  <testcase classname="zeroBankTests.LoginInvalid" name="loginInvalid" time="0.818"/>
  <testcase classname="zeroBankTests.LoginInvalid" name="loginInvalid" time="0.839"/>
  <testcase classname="zeroBankTests.LoginInvalid" name="loginInvalid" time="0.861"/>
  <testcase classname="zeroBankTests.LoginInvalid" name="loginInvalid" time="0.865"/>
</testsuite> <!-- `Tests - Login functionality - negative (Invalid data) -->
