<?xml version="1.0" encoding="UTF-8"?>
<!-- Generated by org.testng.reporters.JUnitXMLReporter -->
<testsuite ignored="0" hostname="DESKTOP-HOFM65N" failures="0" tests="5" name="Login functionality (Invalid data)" time="16.637" errors="0" timestamp="2021-02-07T22:18:59 EET">
  <testcase classname="zeroBankTests.LoginInvalid" name="loginInvalid" time="0.944"/>
  <testcase classname="zeroBankTests.LoginInvalid" name="loginInvalid" time="0.831"/>
  <testcase classname="zeroBankTests.LoginInvalid" name="loginInvalid" time="0.859"/>
  <testcase classname="zeroBankTests.LoginInvalid" name="loginInvalid" time="0.867"/>
  <testcase classname="zeroBankTests.LoginInvalid" name="loginInvalid" time="0.863"/>
</testsuite> <!-- Login functionality (Invalid data) -->
