<?xml version="1.0" encoding="UTF-8"?>
<!-- Generated by org.testng.reporters.JUnitXMLReporter -->
<testsuite ignored="0" hostname="DESKTOP-HOFM65N" failures="0" tests="5" name="Login functionality - negative (Invalid data)" time="16.653" errors="0" timestamp="2021-02-07T20:26:00 EET">
  <testcase classname="zeroBankTests.LoginInvalid" name="loginInvalid" time="0.966"/>
  <testcase classname="zeroBankTests.LoginInvalid" name="loginInvalid" time="0.825"/>
  <testcase classname="zeroBankTests.LoginInvalid" name="loginInvalid" time="0.867"/>
  <testcase classname="zeroBankTests.LoginInvalid" name="loginInvalid" time="0.881"/>
  <testcase classname="zeroBankTests.LoginInvalid" name="loginInvalid" time="0.842"/>
</testsuite> <!-- Login functionality - negative (Invalid data) -->
