<?xml version="1.0" encoding="UTF-8"?>
<!-- Generated by org.testng.reporters.JUnitXMLReporter -->
<testsuite ignored="2" hostname="DESKTOP-HOFM65N" failures="0" tests="6" name="Test" time="32.992" errors="0" timestamp="2021-02-07T20:11:21 EET">
  <testcase classname="zeroBankTests.LoginValid" name="loginValid" time="3.811"/>
  <testcase classname="zeroBankTests.LoginInvalid" name="loginInvalid" time="0.991"/>
  <testcase classname="zeroBankTests.LoginInvalid" name="loginInvalid" time="0.857"/>
  <testcase classname="zeroBankTests.LoginInvalid" name="loginInvalid" time="0.88"/>
  <testcase classname="zeroBankTests.LoginInvalid" name="loginInvalid" time="0.868"/>
  <testcase classname="zeroBankTests.LoginInvalid" name="loginInvalid" time="0.879"/>
  <testcase classname="ZeroBankUtils.base" name="@AfterSuite afterSuite" time="0.0">
    <ignored/>
  </testcase> <!-- @AfterSuite afterSuite -->
  <testcase classname="ZeroBankUtils.base" name="@BeforeSuite beforeSuite" time="0.0">
    <ignored/>
  </testcase> <!-- @BeforeSuite beforeSuite -->
</testsuite> <!-- Test -->
