<?xml version="1.0" encoding="UTF-8"?>
<!-- Generated by org.testng.reporters.JUnitXMLReporter -->
<testsuite hostname="DESKTOP-A0381QT" ignored="0" name="Test" tests="1" failures="1" timestamp="01 May 2019 13:19:41 GMT" time="11.422" errors="0">
  <testcase name="t" time="10.883" classname="inslyTests.rough">
    <failure type="java.lang.AssertionError" message="null">
      <![CDATA[java.lang.AssertionError: null
at inslyTests.rough.t(rough.java:23)
... Removed 27 stack frames]]>
    </failure>
  </testcase> <!-- t -->
</testsuite> <!-- Test -->
